[    0.000000] Initializing cgroup subsys cpuset
[    0.000000] Initializing cgroup subsys cpu
[    0.000000] Initializing cgroup subsys cpuacct
[    0.000000] Linux version 4.4.0-83-generic (buildd@lgw01-29) (gcc version 5.4.0 20160609 (Ubuntu 5.4.0-6ubuntu1~16.04.4) ) #106-Ubuntu SMP Mon Jun 26 17:54:43 UTC 2017 (Ubuntu 4.4.0-83.106-generic 4.4.70)
[    0.000000] Command line: BOOT_IMAGE=/boot/vmlinuz-4.4.0-83-generic root=LABEL=cloudimg-rootfs ro console=tty1 console=ttyS0
[    0.000000] KERNEL supported cpus:
[    0.000000]   Intel GenuineIntel
[    0.000000]   AMD AuthenticAMD
[    0.000000]   Centaur CentaurHauls
[    0.000000] x86/fpu: xstate_offset[2]:  576, xstate_sizes[2]:  256
[    0.000000] x86/fpu: Supporting XSAVE feature 0x01: 'x87 floating point registers'
[    0.000000] x86/fpu: Supporting XSAVE feature 0x02: 'SSE registers'
[    0.000000] x86/fpu: Supporting XSAVE feature 0x04: 'AVX registers'
[    0.000000] x86/fpu: Enabled xstate features 0x7, context size is 832 bytes, using 'standard' format.
[    0.000000] x86/fpu: Using 'lazy' FPU context switches.
[    0.000000] e820: BIOS-provided physical RAM map:
[    0.000000] BIOS-e820: [mem 0x0000000000000000-0x000000000009fbff] usable
[    0.000000] BIOS-e820: [mem 0x000000000009fc00-0x000000000009ffff] reserved
[    0.000000] BIOS-e820: [mem 0x00000000000f0000-0x00000000000fffff] reserved
[    0.000000] BIOS-e820: [mem 0x0000000000100000-0x000000003ffeffff] usable
[    0.000000] BIOS-e820: [mem 0x000000003fff0000-0x000000003fffffff] ACPI data
[    0.000000] BIOS-e820: [mem 0x00000000fec00000-0x00000000fec00fff] reserved
[    0.000000] BIOS-e820: [mem 0x00000000fee00000-0x00000000fee00fff] reserved
[    0.000000] BIOS-e820: [mem 0x00000000fffc0000-0x00000000ffffffff] reserved
[    0.000000] NX (Execute Disable) protection: active
[    0.000000] SMBIOS 2.5 present.
[    0.000000] Hypervisor detected: KVM
[    0.000000] e820: last_pfn = 0x3fff0 max_arch_pfn = 0x400000000
[    0.000000] MTRR: Disabled
[    0.000000] x86/PAT: MTRRs disabled, skipping PAT initialization too.
[    0.000000] x86/PAT: Configuration [0-7]: WB  WT  UC- UC  WB  WT  UC- UC  
[    0.000000] CPU MTRRs all blank - virtualized system.
[    0.000000] found SMP MP-table at [mem 0x0009fff0-0x0009ffff] mapped at [ffff88000009fff0]
[    0.000000] Scanning 1 areas for low memory corruption
[    0.000000] RAMDISK: [mem 0x36aca000-0x3755cfff]
[    0.000000] ACPI: Early table checksum verification disabled
[    0.000000] ACPI: RSDP 0x00000000000E0000 000024 (v02 VBOX  )
[    0.000000] ACPI: XSDT 0x000000003FFF0030 00003C (v01 VBOX   VBOXXSDT 00000001 ASL  00000061)
[    0.000000] ACPI: FACP 0x000000003FFF00F0 0000F4 (v04 VBOX   VBOXFACP 00000001 ASL  00000061)
[    0.000000] ACPI: DSDT 0x000000003FFF0470 0021C8 (v02 VBOX   VBOXBIOS 00000002 INTL 20100528)
[    0.000000] ACPI: FACS 0x000000003FFF0200 000040
[    0.000000] ACPI: FACS 0x000000003FFF0200 000040
[    0.000000] ACPI: APIC 0x000000003FFF0240 00005C (v02 VBOX   VBOXAPIC 00000001 ASL  00000061)
[    0.000000] ACPI: SSDT 0x000000003FFF02A0 0001CC (v01 VBOX   VBOXCPUT 00000002 INTL 20100528)
[    0.000000] No NUMA configuration found
[    0.000000] Faking a node at [mem 0x0000000000000000-0x000000003ffeffff]
[    0.000000] NODE_DATA(0) allocated [mem 0x3ffeb000-0x3ffeffff]
[    0.000000] kvm-clock: Using msrs 4b564d01 and 4b564d00
[    0.000000] kvm-clock: cpu 0, msr 0:3ffe3001, primary cpu clock
[    0.000000] kvm-clock: using sched offset of 3633566130 cycles
[    0.000000] clocksource: kvm-clock: mask: 0xffffffffffffffff max_cycles: 0x1cd42e4dffb, max_idle_ns: 881590591483 ns
[    0.000000] Zone ranges:
[    0.000000]   DMA      [mem 0x0000000000001000-0x0000000000ffffff]
[    0.000000]   DMA32    [mem 0x0000000001000000-0x000000003ffeffff]
[    0.000000]   Normal   empty
[    0.000000]   Device   empty
[    0.000000] Movable zone start for each node
[    0.000000] Early memory node ranges
[    0.000000]   node   0: [mem 0x0000000000001000-0x000000000009efff]
[    0.000000]   node   0: [mem 0x0000000000100000-0x000000003ffeffff]
[    0.000000] Initmem setup node 0 [mem 0x0000000000001000-0x000000003ffeffff]
[    0.000000] ACPI: PM-Timer IO Port: 0x4008
[    0.000000] IOAPIC[0]: apic_id 2, version 32, address 0xfec00000, GSI 0-23
[    0.000000] ACPI: INT_SRC_OVR (bus 0 bus_irq 0 global_irq 2 dfl dfl)
[    0.000000] ACPI: INT_SRC_OVR (bus 0 bus_irq 9 global_irq 9 high level)
[    0.000000] Using ACPI (MADT) for SMP configuration information
[    0.000000] smpboot: Allowing 2 CPUs, 0 hotplug CPUs
[    0.000000] PM: Registered nosave memory: [mem 0x00000000-0x00000fff]
[    0.000000] PM: Registered nosave memory: [mem 0x0009f000-0x0009ffff]
[    0.000000] PM: Registered nosave memory: [mem 0x000a0000-0x000effff]
[    0.000000] PM: Registered nosave memory: [mem 0x000f0000-0x000fffff]
[    0.000000] e820: [mem 0x40000000-0xfebfffff] available for PCI devices
[    0.000000] Booting paravirtualized kernel on KVM
[    0.000000] clocksource: refined-jiffies: mask: 0xffffffff max_cycles: 0xffffffff, max_idle_ns: 7645519600211568 ns
[    0.000000] setup_percpu: NR_CPUS:512 nr_cpumask_bits:512 nr_cpu_ids:2 nr_node_ids:1
[    0.000000] PERCPU: Embedded 33 pages/cpu @ffff88003fc00000 s98264 r8192 d28712 u1048576
[    0.000000] PV qspinlock hash table entries: 256 (order: 0, 4096 bytes)
[    0.000000] Built 1 zonelists in Node order, mobility grouping on.  Total pages: 257913
[    0.000000] Policy zone: DMA32
[    0.000000] Kernel command line: BOOT_IMAGE=/boot/vmlinuz-4.4.0-83-generic root=LABEL=cloudimg-rootfs ro console=tty1 console=ttyS0
[    0.000000] PID hash table entries: 4096 (order: 3, 32768 bytes)
[    0.000000] Memory: 1001748K/1048120K available (8469K kernel code, 1294K rwdata, 3984K rodata, 1488K init, 1316K bss, 46372K reserved, 0K cma-reserved)
[    0.000000] SLUB: HWalign=64, Order=0-3, MinObjects=0, CPUs=2, Nodes=1
[    0.000000] Hierarchical RCU implementation.
[    0.000000] 	Build-time adjustment of leaf fanout to 64.
[    0.000000] 	RCU restricting CPUs from NR_CPUS=512 to nr_cpu_ids=2.
[    0.000000] RCU: Adjusting geometry for rcu_fanout_leaf=64, nr_cpu_ids=2
[    0.000000] NR_IRQS:33024 nr_irqs:440 16
[    0.000000] Console: colour VGA+ 80x25
[    0.000000] console [tty1] enabled
[    0.000000] console [ttyS0] enabled
[    0.000000] tsc: Detected 2294.684 MHz processor
[    3.609027] Calibrating delay loop (skipped) preset value.. 4589.36 BogoMIPS (lpj=9178736)
[    3.630252] pid_max: default: 32768 minimum: 301
[    3.645560] ACPI: Core revision 20150930
[    3.671687] ACPI: 2 ACPI AML tables successfully acquired and loaded
[    3.714440] Security Framework initialized
[    3.737892] Yama: becoming mindful.
[    3.753837] AppArmor: AppArmor initialized
[    3.756851] Dentry cache hash table entries: 131072 (order: 8, 1048576 bytes)
[    3.780123] Inode-cache hash table entries: 65536 (order: 7, 524288 bytes)
[    3.794133] Mount-cache hash table entries: 2048 (order: 2, 16384 bytes)
[    3.796479] Mountpoint-cache hash table entries: 2048 (order: 2, 16384 bytes)
[    3.825628] Initializing cgroup subsys io
[    3.826491] Initializing cgroup subsys memory
[    3.828860] Initializing cgroup subsys devices
[    3.837976] Initializing cgroup subsys freezer
[    3.838848] Initializing cgroup subsys net_cls
[    3.839737] Initializing cgroup subsys perf_event
[    3.842372] Initializing cgroup subsys net_prio
[    3.860161] Initializing cgroup subsys hugetlb
[    3.872094] Initializing cgroup subsys pids
[    3.886647] CPU: Physical Processor ID: 0
[    3.914268] CPU: Processor Core ID: 0
[    3.922364] mce: CPU supports 0 MCE banks
[    3.936522] Last level iTLB entries: 4KB 64, 2MB 8, 4MB 8
[    3.937572] Last level dTLB entries: 4KB 64, 2MB 0, 4MB 0, 1GB 4
[    3.951975] Freeing SMP alternatives memory: 32K (ffffffff820b9000 - ffffffff820c1000)
[    3.983828] ftrace: allocating 32129 entries in 126 pages
[    4.055080] smpboot: APIC(0) Converting physical 0 to logical package 0
[    4.059533] smpboot: Max logical packages: 1
[    4.062846] x2apic enabled
[    4.064725] Switched APIC routing to physical x2apic.
[    4.076561] ..TIMER: vector=0x30 apic1=0 pin1=2 apic2=-1 pin2=-1
[    4.204003] APIC calibration not consistent with PM-Timer: 106ms instead of 100ms
[    4.207633] APIC delta adjusted to PM-Timer: 6225558 (6629593)
[    4.209818] smpboot: CPU0: Intel(R) Core(TM) i5-5300U CPU @ 2.30GHz (family: 0x6, model: 0x3d, stepping: 0x4)
[    4.251502] Performance Events: unsupported p6 CPU model 61 no PMU driver, software events only.
[    4.287656] KVM setup paravirtual spinlock
[    4.299768] x86: Booting SMP configuration:
[    4.313013] .... node  #0, CPUs:      #1
[    4.325888] kvm-clock: cpu 1, msr 0:3ffe3041, secondary cpu clock
[    4.336705] mce: CPU supports 0 MCE banks
[    4.350999] x86: Booted up 1 node, 2 CPUs
[    4.354130] smpboot: Total of 2 processors activated (9178.73 BogoMIPS)
[    4.383179] devtmpfs: initialized
[    4.403209] evm: security.selinux
[    4.416542] evm: security.SMACK64
[    4.420586] evm: security.SMACK64EXEC
[    4.428754] evm: security.SMACK64TRANSMUTE
[    4.435897] evm: security.SMACK64MMAP
[    4.436818] evm: security.ima
[    4.438677] evm: security.capability
[    4.458923] clocksource: jiffies: mask: 0xffffffff max_cycles: 0xffffffff, max_idle_ns: 7645041785100000 ns
[    4.477150] futex hash table entries: 512 (order: 3, 32768 bytes)
[    4.491719] pinctrl core: initialized pinctrl subsystem
[    4.506185] RTC time: 15:08:00, date: 09/12/17
[    4.538996] NET: Registered protocol family 16
[    4.560985] cpuidle: using governor ladder
[    4.601504] cpuidle: using governor menu
[    4.609256] PCCT header not found.
[    4.627127] ACPI: bus type PCI registered
[    4.641944] acpiphp: ACPI Hot Plug PCI Controller Driver version: 0.5
[    4.669530] PCI: Using configuration type 1 for base access
[    4.693605] ACPI: Added _OSI(Module Device)
[    4.729054] ACPI: Added _OSI(Processor Device)
[    4.781024] ACPI: Added _OSI(3.0 _SCP Extensions)
[    4.849062] ACPI: Added _OSI(Processor Aggregator Device)
[    4.911657] ACPI: Executed 1 blocks of module-level executable AML code
[    4.988080] ACPI: Interpreter enabled
[    5.027357] ACPI: (supports S0 S5)
[    5.051447] ACPI: Using IOAPIC for interrupt routing
[    5.127044] PCI: Using host bridge windows from ACPI; if necessary, use "pci=nocrs" and report a bug
[    5.208774] ACPI: PCI Root Bridge [PCI0] (domain 0000 [bus 00-ff])
[    5.237206] acpi PNP0A03:00: _OSC: OS supports [ASPM ClockPM Segments MSI]
[    5.328489] acpi PNP0A03:00: _OSC failed (AE_NOT_FOUND); disabling ASPM
[    5.350765] acpi PNP0A03:00: fail to add MMCONFIG information, can't access extended PCI configuration space under this bridge.
[    5.432318] PCI host bridge to bus 0000:00
[    5.481066] pci_bus 0000:00: root bus resource [io  0x0000-0x0cf7 window]
[    5.553795] pci_bus 0000:00: root bus resource [io  0x0d00-0xffff window]
[    5.631324] pci_bus 0000:00: root bus resource [mem 0x000a0000-0x000bffff window]
[    5.695702] pci_bus 0000:00: root bus resource [mem 0x40000000-0xffdfffff window]
[    5.783005] pci_bus 0000:00: root bus resource [bus 00-ff]
[    5.837308] pci 0000:00:01.1: legacy IDE quirk: reg 0x10: [io  0x01f0-0x01f7]
[    5.919149] pci 0000:00:01.1: legacy IDE quirk: reg 0x14: [io  0x03f6]
[    5.962593] pci 0000:00:01.1: legacy IDE quirk: reg 0x18: [io  0x0170-0x0177]
[    6.038774] pci 0000:00:01.1: legacy IDE quirk: reg 0x1c: [io  0x0376]
[    6.142800] pci 0000:00:07.0: quirk: [io  0x4000-0x403f] claimed by PIIX4 ACPI
[    6.204372] pci 0000:00:07.0: quirk: [io  0x4100-0x410f] claimed by PIIX4 SMB
[    6.290128] ACPI: PCI Interrupt Link [LNKA] (IRQs 5 9 10 *11)
[    6.306058] ACPI: PCI Interrupt Link [LNKB] (IRQs 5 9 10 *11)
[    6.354498] ACPI: PCI Interrupt Link [LNKC] (IRQs 5 9 *10 11)
[    6.405940] ACPI: PCI Interrupt Link [LNKD] (IRQs 5 *9 10 11)
[    6.433512] ACPI: Enabled 2 GPEs in block 00 to 07
[    6.456533] vgaarb: setting as boot device: PCI:0000:00:02.0
[    6.499416] vgaarb: device added: PCI:0000:00:02.0,decodes=io+mem,owns=io+mem,locks=none
[    6.588065] vgaarb: loaded
[    6.622795] vgaarb: bridge control possible 0000:00:02.0
[    6.681178] SCSI subsystem initialized
[    6.717569] ACPI: bus type USB registered
[    6.761116] usbcore: registered new interface driver usbfs
[    6.795215] usbcore: registered new interface driver hub
[    6.840281] usbcore: registered new device driver usb
[    6.856419] PCI: Using ACPI for IRQ routing
[    6.881482] NetLabel: Initializing
[    6.930134] NetLabel:  domain hash size = 128
[    6.973656] NetLabel:  protocols = UNLABELED CIPSOv4
[    7.017723] NetLabel:  unlabeled traffic allowed by default
[    7.064182] amd_nb: Cannot enumerate AMD northbridges
[    7.066125] clocksource: Switched to clocksource kvm-clock
[    7.113641] AppArmor: AppArmor Filesystem Enabled
[    7.135334] pnp: PnP ACPI init
[    7.142299] pnp: PnP ACPI: found 3 devices
[    7.170740] clocksource: acpi_pm: mask: 0xffffff max_cycles: 0xffffff, max_idle_ns: 2085701024 ns
[    7.207091] NET: Registered protocol family 2
[    7.219181] TCP established hash table entries: 8192 (order: 4, 65536 bytes)
[    7.238274] TCP bind hash table entries: 8192 (order: 5, 131072 bytes)
[    7.245226] TCP: Hash tables configured (established 8192 bind 8192)
[    7.246544] UDP hash table entries: 512 (order: 2, 16384 bytes)
[    7.253522] UDP-Lite hash table entries: 512 (order: 2, 16384 bytes)
[    7.297496] NET: Registered protocol family 1
[    7.358715] pci 0000:00:00.0: Limiting direct PCI/PCI transfers
[    7.408332] pci 0000:00:01.0: Activating ISA DMA hang workarounds
[    7.442068] Unpacking initramfs...
[    9.735904] Freeing initrd memory: 10828K (ffff880036aca000 - ffff88003755d000)
[    9.771681] RAPL PMU detected, API unit is 2^-32 Joules, 4 fixed counters 10737418240 ms ovfl timer
[    9.832734] hw unit of domain pp0-core 2^-0 Joules
[    9.873119] hw unit of domain package 2^-0 Joules
[    9.881144] hw unit of domain dram 2^-0 Joules
[    9.885631] hw unit of domain pp1-gpu 2^-0 Joules
[    9.897276] platform rtc_cmos: registered platform RTC device (no PNP device found)
[    9.927861] Scanning for low memory corruption every 60 seconds
[    9.938974] audit: initializing netlink subsys (disabled)
[    9.944983] audit: type=2000 audit(1505228883.822:1): initialized
[    9.969212] Initialise system trusted keyring
[    9.999863] HugeTLB registered 2 MB page size, pre-allocated 0 pages
[   10.007575] zbud: loaded
[   10.011584] VFS: Disk quotas dquot_6.6.0
[   10.047892] VFS: Dquot-cache hash table entries: 512 (order 0, 4096 bytes)
[   10.095292] squashfs: version 4.0 (2009/01/31) Phillip Lougher
[   10.113328] fuse init (API version 7.23)
[   10.127473] Key type big_key registered
[   10.149613] Allocating IMA MOK and blacklist keyrings.
[   10.216672] Key type asymmetric registered
[   10.233628] Asymmetric key parser 'x509' registered
[   10.270653] Block layer SCSI generic (bsg) driver version 0.4 loaded (major 249)
[   10.292275] io scheduler noop registered
[   10.308889] io scheduler deadline registered (default)
[   10.333248] io scheduler cfq registered
[   10.355418] pci_hotplug: PCI Hot Plug PCI Core version: 0.5
[   10.381911] pciehp: PCI Express Hot Plug Controller Driver version: 0.4
[   10.384888] ACPI: AC Adapter [AC] (on-line)
[   10.394212] input: Power Button as /devices/LNXSYSTM:00/LNXPWRBN:00/input/input0
[   10.433605] ACPI: Power Button [PWRF]
[   10.440853] input: Sleep Button as /devices/LNXSYSTM:00/LNXSLPBN:00/input/input1
[   10.461247] ACPI: Sleep Button [SLPF]
[   10.480001] ACPI: Battery Slot [BAT0] (battery present)
[   10.486441] GHES: HEST is not enabled!
[   10.499454] Serial: 8250/16550 driver, 32 ports, IRQ sharing enabled
[   10.525972] 00:02: ttyS0 at I/O 0x3f8 (irq = 4, base_baud = 115200) is a 16550A
[   10.564213] Linux agpgart interface v0.103
[   10.646281] loop: module loaded
[   10.675352] scsi host0: ata_piix
[   10.723876] scsi host1: ata_piix
[   10.745218] ata1: PATA max UDMA/33 cmd 0x1f0 ctl 0x3f6 bmdma 0xd000 irq 14
[   10.772832] ata2: PATA max UDMA/33 cmd 0x170 ctl 0x376 bmdma 0xd008 irq 15
[   10.891706] libphy: Fixed MDIO Bus: probed
[   10.924497] tun: Universal TUN/TAP device driver, 1.6
[   10.926350] tsc: Refined TSC clocksource calibration: 2296.131 MHz
[   10.926352] clocksource: tsc: mask: 0xffffffffffffffff max_cycles: 0x2118ee4af16, max_idle_ns: 440795279069 ns
[   11.095182] tun: (C) 1999-2004 Max Krasnyansky <maxk@qualcomm.com>
[   11.103706] PPP generic driver version 2.4.2
[   11.136518] ehci_hcd: USB 2.0 'Enhanced' Host Controller (EHCI) Driver
[   11.239371] ehci-pci: EHCI PCI platform driver
[   11.270979] ehci-platform: EHCI generic platform driver
[   11.333624] ohci_hcd: USB 1.1 'Open' Host Controller (OHCI) Driver
[   11.418605] ohci-pci: OHCI PCI platform driver
[   11.433916] ohci-platform: OHCI generic platform driver
[   11.454242] uhci_hcd: USB Universal Host Controller Interface driver
[   11.472281] i8042: PNP: PS/2 Controller [PNP0303:PS2K,PNP0f03:PS2M] at 0x60,0x64 irq 1,12
[   11.552554] serio: i8042 KBD port at 0x60,0x64 irq 1
[   11.618565] serio: i8042 AUX port at 0x60,0x64 irq 12
[   11.686228] mousedev: PS/2 mouse device common for all mice
[   11.699378] input: AT Translated Set 2 keyboard as /devices/platform/i8042/serio0/input/input2
[   11.744501] rtc_cmos rtc_cmos: rtc core: registered rtc_cmos as rtc0
[   11.771180] rtc_cmos rtc_cmos: alarms up to one day, 114 bytes nvram
[   11.807354] i2c /dev entries driver
[   11.824911] device-mapper: uevent: version 1.0.3
[   11.855557] device-mapper: ioctl: 4.34.0-ioctl (2015-10-28) initialised: dm-devel@redhat.com
[   11.924563] ledtrig-cpu: registered to indicate activity on CPUs
[   11.982521] NET: Registered protocol family 10
[   12.048384] NET: Registered protocol family 17
[   12.100586] Key type dns_resolver registered
[   12.148837] microcode: CPU0 sig=0x306d4, pf=0x40, revision=0x0
[   12.211356] microcode: CPU1 sig=0x306d4, pf=0x40, revision=0x0
[   12.241322] microcode: Microcode Update Driver: v2.01 <tigran@aivazian.fsnet.co.uk>, Peter Oruba
[   12.339802] registered taskstats version 1
[   12.411381] Loading compiled-in X.509 certificates
[   12.463737] Loaded X.509 cert 'Build time autogenerated kernel key: 35105354eb779045e4d9ad793dead39d5ee93f76'
[   12.581132] zswap: loaded using pool lzo/zbud
[   12.637204] Key type trusted registered
[   12.695863] Key type encrypted registered
[   12.721791] AppArmor: AppArmor sha1 policy hashing enabled
[   12.742313] ima: No TPM chip found, activating TPM-bypass!
[   12.815339] evm: HMAC attrs: 0x1
[   12.845143]   Magic number: 1:575:133
[   12.861590] rtc_cmos rtc_cmos: setting system clock to 2017-09-12 15:08:08 UTC (1505228888)
[   12.887124] BIOS EDD facility v0.16 2004-Jun-25, 0 devices found
[   12.900093] EDD information not available.
[   12.940552] Freeing unused kernel memory: 1488K (ffffffff81f45000 - ffffffff820b9000)
[   12.977499] Write protecting the kernel read-only data: 14336k
[   13.006596] Freeing unused kernel memory: 1760K (ffff880001848000 - ffff880001a00000)
[   13.012929] Freeing unused kernel memory: 112K (ffff880001de4000 - ffff880001e00000)
Loading, please wait...
[   13.069622] random: systemd-udevd: uninitialized urandom read (16 bytes read, 7 bits of entropy available)
starting version[   13.070519] random: udevadm: uninitialized urandom read (16 bytes read, 7 bits of entropy available)
 229
[   13.070670] random: udevadm: uninitialized urandom read (16 bytes read, 7 bits of entropy available)
[   13.070793] random: udevadm: uninitialized urandom read (16 bytes read, 7 bits of entropy available)
[   13.070835] random: udevadm: uninitialized urandom read (16 bytes read, 7 bits of entropy available)
[   13.070874] random: udevadm: uninitialized urandom read (16 bytes read, 7 bits of entropy available)
[   13.070916] random: udevadm: uninitialized urandom read (16 bytes read, 7 bits of entropy available)
[   13.070954] random: udevadm: uninitialized urandom read (16 bytes read, 7 bits of entropy available)
[   13.070989] random: udevadm: uninitialized urandom read (16 bytes read, 7 bits of entropy available)
[   13.071026] random: udevadm: uninitialized urandom read (16 bytes read, 7 bits of entropy available)
[   13.830314] Fusion MPT base driver 3.04.20
[   13.848318] Copyright (c) 1999-2008 LSI Corporation
[   13.869980] e1000: Intel(R) PRO/1000 Network Driver - version 7.3.21-k8-NAPI
[   13.925923] e1000: Copyright (c) 1999-2006 Intel Corporation.
[   13.938371] Fusion MPT SPI Host driver 3.04.20
[   13.973734] AVX version of gcm_enc/dec engaged.
[   14.010123] AES CTR mode by8 optimization enabled
[   14.162358] input: ImExPS/2 Generic Explorer Mouse as /devices/platform/i8042/serio1/input/input4
[   14.366759] e1000 0000:00:03.0 eth0: (PCI:33MHz:32-bit) 02:45:a7:eb:b0:fd
[   14.434402] e1000 0000:00:03.0 eth0: Intel(R) PRO/1000 Network Connection
[   14.496573] e1000 0000:00:03.0 enp0s3: renamed from eth0
[   14.534101] mptbase: ioc0: Initiating bringup
[   14.638580] ioc0: LSI53C1030 A0: Capabilities={Initiator}
[   14.870838] scsi host2: ioc0: LSI53C1030 A0, FwRev=00000000h, Ports=1, MaxQ=256, IRQ=20
[   15.099297] scsi 2:0:0:0: Direct-Access     VBOX     HARDDISK         1.0  PQ: 0 ANSI: 5
[   15.216452] scsi target2:0:0: Beginning Domain Validation
[   15.280614] scsi target2:0:0: Domain Validation skipping write tests
[   15.361528] scsi target2:0:0: Ending Domain Validation
[   15.457462] scsi target2:0:0: asynchronous
[   15.537484] scsi 2:0:1:0: Direct-Access     VBOX     HARDDISK         1.0  PQ: 0 ANSI: 5
[   15.663794] scsi target2:0:1: Beginning Domain Validation
[   15.742637] scsi target2:0:1: Domain Validation skipping write tests
[   15.833223] scsi target2:0:1: Ending Domain Validation
[   15.921368] scsi target2:0:1: asynchronous
[   15.998407] sd 2:0:0:0: [sda] 20971520 512-byte logical blocks: (10.7 GB/10.0 GiB)
[   15.998511] sd 2:0:0:0: Attached scsi generic sg0 type 0
[   15.998995] sd 2:0:1:0: Attached scsi generic sg1 type 0
[   15.999186] sd 2:0:1:0: [sdb] 20480 512-byte logical blocks: (10.5 MB/10.0 MiB)
[   15.999302] sd 2:0:1:0: [sdb] Write Protect is off
[   15.999379] sd 2:0:1:0: [sdb] Incomplete mode parameter data
[   15.999380] sd 2:0:1:0: [sdb] Assuming drive cache: write through
[   16.005497] sd 2:0:1:0: [sdb] Attached SCSI disk
[   16.197701] sd 2:0:0:0: [sda] Write Protect is off
[   16.210384] sd 2:0:0:0: [sda] Incomplete mode parameter data
[   16.226385] sd 2:0:0:0: [sda] Assuming drive cache: write through
[   16.235101]  sda: sda1
[   16.245448] sd 2:0:0:0: [sda] Attached SCSI disk
[   16.870258] floppy0: no floppy controllers found
Begin: Loading e[   18.373652] md: linear personality registered for level -1
ssential drivers[   18.397093] md: multipath personality registered for level -4
 ... [   18.426963] md: raid0 personality registered for level 0
[   18.460219] md: raid1 personality registered for level 1
[   18.554456] raid6: sse2x1   gen()  7700 MB/s
[   18.662350] raid6: sse2x1   xor()  5713 MB/s
[   18.766472] raid6: sse2x2   gen()  9105 MB/s
[   18.854619] raid6: sse2x2   xor()  3760 MB/s
[   18.966154] raid6: sse2x4   gen()  7749 MB/s
[   19.054166] raid6: sse2x4   xor()  7376 MB/s
[   19.077940] raid6: using algorithm sse2x2 gen() 9105 MB/s
[   19.101541] raid6: .... xor() 3760 MB/s, rmw enabled
[   19.134166] raid6: using ssse3x2 recovery algorithm
[   19.176335] xor: automatically using best checksumming function:
[   19.262357]    avx       : 15471.000 MB/sec
[   19.268294] async_tx: api initialized (async)
[   19.310247] md: raid6 personality registered for level 6
[   19.323165] md: raid5 personality registered for level 5
[   19.344798] md: raid4 personality registered for level 4
[   19.363235] md: raid10 personality registered for level 10
done.
Begin: Running /scripts/init-premount ... done.
Begin: Mounting root file system ... Begin: Running /scripts/local-top ... done.
Begin: Running /scripts/local-premount ... [   19.413389] Btrfs loaded
Scanning for Btrfs filesystems
done.
Warning: fsck no[   19.459942] EXT4-fs (sda1): mounted filesystem with ordered data mode. Opts: (null)
t present, so skipping root file system
done.
Begin: Running /scripts/local-bottom ... done.
Begin: Running /scripts/init-bottom ... done.
[   19.618710] systemd[1]: systemd 229 running in system mode. (+PAM +AUDIT +SELINUX +IMA +APPARMOR +SMACK +SYSVINIT +UTMP +LIBCRYPTSETUP +GCRYPT +GNUTLS +ACL +XZ -LZ4 +SECCOMP +BLKID +ELFUTILS +KMOD -IDN)
[   19.681962] systemd[1]: Detected virtualization oracle.
[   19.702582] systemd[1]: Detected architecture x86-64.

Welcome to [1mUbuntu 16.04.2 LTS[0m!

[   19.787484] systemd[1]: Set hostname to <ubuntu-xenial>.
[   20.065160] systemd[1]: Listening on LVM2 metadata daemon socket.
[[0;32m  OK  [0m] Listening on LVM2 metadata daemon socket.
[   20.087242] systemd[1]: Listening on Journal Audit Socket.
[[0;32m  OK  [0m] Listening on Journal Audit Socket.
[   20.116842] systemd[1]: Listening on LVM2 poll daemon socket.
[[0;32m  OK  [0m] Listening on LVM2 poll daemon socket.
[   20.166652] systemd[1]: Started Trigger resolvconf update for networkd DNS.
[[0;32m  OK  [0m] Started Trigger resolvconf update for networkd DNS.
[   20.226652] systemd[1]: Listening on udev Kernel Socket.
[[0;32m  OK  [0m] Listening on udev Kernel Socket.
[   20.299097] systemd[1]: Created slice User and Session Slice.
[[0;32m  OK  [0m] Created slice User and Session Slice.
[   20.358731] systemd[1]: Reached target User and Group Name Lookups.
[[0;32m  OK  [0m] Reached target User and Group Name Lookups.
[   20.427461] systemd[1]: Listening on Device-mapper event daemon FIFOs.
[[0;32m  OK  [0m] Listening on Device-mapper event daemon FIFOs.
[   20.446681] systemd[1]: Listening on udev Control Socket.
[[0;32m  OK  [0m] Listening on udev Control Socket.
[   20.483110] systemd[1]: Set up automount Arbitrary Executable File Formats File System Automount Point.
[[0;32m  OK  [0m] Set up automount Arbitrary Executab...ats File System Automount Point.
[   20.522789] systemd[1]: Reached target Encrypted Volumes.
[[0;32m  OK  [0m] Reached target Encrypted Volumes.
[   20.598997] systemd[1]: Started Forward Password Requests to Wall Directory Watch.
[[0;32m  OK  [0m] Started Forward Password Requests to Wall Directory Watch.
[   20.643079] systemd[1]: Listening on Journal Socket (/dev/log).
[[0;32m  OK  [0m] Listening on Journal Socket (/dev/log).
[   20.653181] systemd[1]: Listening on Syslog Socket.
[[0;32m  OK  [0m] Listening on Syslog Socket.
[   20.669999] systemd[1]: Reached target Swap.
[[0;32m  OK  [0m] Reached target Swap.
[   20.711776] systemd[1]: Listening on /dev/initctl Compatibility Named Pipe.
[[0;32m  OK  [0m] Listening on /dev/initctl Compatibility Named Pipe.
[   20.733784] systemd[1]: Listening on Journal Socket.
[[0;32m  OK  [0m] Listening on Journal Socket.
[   20.750687] systemd[1]: Created slice System Slice.
[[0;32m  OK  [0m] Created slice System Slice.
[   20.782778] systemd[1]: Starting Uncomplicated firewall...
         Startin[   20.810185] random: nonblocking pool is initialized
g Uncomplicated firewall...
[   20.878831] systemd[1]: Mounting Debug File System...
         Mounting Debug File System...
[   20.930626] systemd[1]: Mounting POSIX Message Queue File System...
         Mounting POSIX Message Queue File System...
[   20.986679] systemd[1]: Starting Load Kernel Modules...
         Starting Load Kernel Modules...
[   20.997873] systemd[1]: Starting Nameserver information manager...
         [   21.021543] Loading iSCSI transport class v2.0-870.
Starting Nameserver information manager...
[   21.039663] systemd[1]: Starting Monitoring of LVM2 mirrors, snapshots etc. using dmeventd or progress polling...
[   21.112634] iscsi: registered transport (tcp)
         Starting Monitoring of LVM2 mirrors... dmeventd or progress polling...
[   21.166383] iscsi: registered transport (iser)
[   21.190449] systemd[1]: Starting Create list of required static device nodes for the current kernel...
         Starting Create list of required st... nodes for the current kernel...
[   21.275122] systemd[1]: Mounting Huge Pages File System...
         Mounting Huge Pages File System...
[   21.304378] systemd[1]: Reached target Slices.
[[0;32m  OK  [0m] Reached target Slices.
[   21.319776] systemd[1]: Created slice system-serial\x2dgetty.slice.
[[0;32m  OK  [0m] Created slice system-serial\x2dgetty.slice.
[   21.418725] systemd[1]: Starting Set console keymap...
         Starting Set console keymap...
[   21.498710] systemd[1]: Starting Journal Service...
         Starting Journal Service...
[   21.568355] systemd[1]: Starting Remount Root and Kernel File Systems...
         [   21.627454] EXT4-fs (sda1): re-mounted. Opts: (null)
Starting Remount Root and Kernel File Systems...
[   21.692633] systemd[1]: Mounted Debug File System.
[[0;32m  OK  [0m] Mounted Debug File System.
[   21.734835] systemd[1]: Mounted POSIX Message Queue File System.
[[0;32m  OK  [0m] Mounted POSIX Message Queue File System.
[   21.778778] systemd[1]: Mounted Huge Pages File System.
[[0;32m  OK  [0m] Mounted Huge Pages File System.
[   21.831132] systemd[1]: Started Journal Service.
[[0;32m  OK  [0m] Started Journal Service.
[[0;32m  OK  [0m] Started Uncomplicated firewall.
[[0;32m  OK  [0m] Started Load Kernel Modules.
[[0;32m  OK  [0m] Started Create list of required sta...ce nodes for the current kernel.
[[0;32m  OK  [0m] Started Set console keymap.
[[0;32m  OK  [0m] Started Remount Root and Kernel File Systems.
[[0;32m  OK  [0m] Started Nameserver information manager.
[[0;32m  OK  [0m] Started LVM2 metadata daemon.
         Starting udev Coldplug all Devices...
         Starting Load/Save Random Seed...
         Starting Initial cloud-init job (pre-networking)...
         Starting Create Static Device Nodes in /dev...
         Mounting FUSE Control File System...
         Starting Apply Kernel Variables...
         Starting Flush Journal to Persistent Storage...
[[0;32m  OK  [0m] Mounted FUSE Control File System.
[[0;32m  OK  [0m] Started Load/Save Random Seed.
[[0;32m  OK  [0m] Started Monitoring of LVM2 mirrors,...ng dmeventd or progress polling.
[[0;32m  OK  [0m] Started Create Static Device Nodes in /dev.
[[0;32m  OK  [0m] Started Apply Kernel Variables.
[[0;32m  OK  [0m] Started udev Coldplug all Devices.
[[0;32m  OK  [0m] Started Flush Journal to Persistent Storage.
         Starting udev Kernel Device Manager...
[[0;32m  OK  [0m] Started udev Kernel Device Manager.
[[0;32m  OK  [0m] Started Dispatch Password Requests to Console Directory Watch.
[[0;32m  OK  [0m] Reached target Local File Systems (Pre).
[[0;32m  OK  [0m] Reached target Local File Systems.
         Starting LSB: AppArmor initialization...
         Starting Create Volatile Files and Directories...
         Starting Set console font and keymap...
         Starting Tell Plymouth To Write Out Runtime Data...
[[0;32m  OK  [0m] Started Create Volatile Files and Directories.
[[0;32m  OK  [0m] Started Tell Plymouth To Write Out Runtime Data.
         Starting Update UTMP about System Boot/Shutdown...
[[0;32m  OK  [0m] Reached target System Time Synchronized.
[[0;32m  OK  [0m] Started LSB: AppArmor initialization.
[[0;32m  OK  [0m] Found device /dev/ttyS0.
[[0;32m  OK  [0m] Started Update UTMP about System Boot/Shutdown.
[[0;32m  OK  [0m] Listening on Load/Save RF Kill Switch Status /dev/rfkill Watch.
[   17.906847] cloud-init[447]: Cloud-init v. 0.7.9 running 'init-local' at Tue, 12 Sep 2017 15:08:19 +0000. Up 17.35 seconds.
[[0;32m  OK  [0m] Found device 82540EM Gigabit Ethern...r (PRO/1000 MT Desktop Adapter).
[[0;32m  OK  [0m] Started Initial cloud-init job (pre-networking).
[[0;32m  OK  [0m] Reached target Network (Pre).
[[0;32m  OK  [0m] Started ifup for enp0s3.
         Starting Raise network interfaces...
[[0;32m  OK  [0m] Started Set console font and keymap.
[[0;32m  OK  [0m] Created slice system-getty.slice.
[[0;32m  OK  [0m] Started Raise network interfaces.
         Starting Initial cloud-init job (metadata service crawler)...
[[0;32m  OK  [0m] Reached target Network.
[   20.777476] cloud-init[964]: Cloud-init v. 0.7.9 running 'init' at Tue, 12 Sep 2017 15:08:22 +0000. Up 20.32 seconds.
[   20.888970] cloud-init[964]: ci-info: +++++++++++++++++++++++++++++++++++++Net device info++++++++++++++++++++++++++++++++++++++
[[0;32m  OK  [0m] Started Initial cloud-init job (metadata service crawler).
[   20.889546] cloud-init[964]: ci-info: +--------+------+----------------------------+---------------+-------+-------------------+
[   20.978903] cloud-init[964]: ci-info: | Device |  Up  |          Address           |      Mask     | Scope |     Hw-Address    |
[   20.979344] cloud-init[964]: ci-info: +--------+------+----------------------------+---------------+-------+-------------------+
[   20.979417] cloud-init[964]: ci-info: |   lo   | True |         127.0.0.1          |   255.0.0.0   |   .   |         .         |
[[0;32m  OK  [0m] Reached target System Initialization.
[   20.980263] cloud-init[964]: ci-info: |   lo   | True |          ::1/128           |       .       |  host |         .         |
[   21.136572] cloud-init[964]: ci-info: | enp0s3 | True |         10.0.2.15          | 255.255.255.0 |   .   | 02:45:a7:eb:b0:fd |
[   21.136982] cloud-init[964]: ci-info: | enp0s3 | True | fe80::45:a7ff:feeb:b0fd/64 |       .       |  link | 02:45:a7:eb:b0:fd |
         Starting LXD - unix socket.
[   21.137120] cloud-init[964]: ci-info: +--------+------+----------------------------+---------------+-------+-------------------+
[   21.193248] cloud-init[964]: ci-info: +++++++++++++++++++++++++++Route IPv4 info++++++++++++++++++++++++++++[
[0;32m  OK  [0m] Listening on UUID daemon activation socket.
[   21.193347] cloud-init[964]: ci-info: +-------+-------------+----------+---------------+-----------+-------+
[   21.260854] cloud-init[964]: ci-info: | Route | Destination | Gateway  |    Genmask    | Interface | Flags |
[[0;32m  OK  [0m] Listening on D-Bus System Message Bus Socket.
[   21.260988] cloud-init[964]: ci-info: +-------+-------------+----------+---------------+-----------+-------+
[   21.466137] cloud-init[964]: ci-info: |   0   |   0.0.0.0   | 10.0.2.2 |    0.0.0.0    |   enp0s3  |   UG  |
[   21.466469] cloud-init[964]: ci-info: |   1   |   10.0.2.0  | 0.0.0.0  | 255.255.255.0 |   enp0s3  |   U   |
[[0;32m  OK  [0m] Started ACPI Events Check.
[   21.466719] cloud-init[964]: ci-info: +-------+-------------+----------+---------------+-----------+-------+
[[0;32m  OK  [0m] Reached target Paths.
         Starting Socket activation for snappy daemon.
[[0;32m  OK  [0m] Listening on ACPID Listen Socket.
[[0;32m  OK  [0m] Started Daily apt activities.
[[0;32m  OK  [0m] Started Timer to automatically refresh installed snaps.
[[0;32m  OK  [0m] Started Daily Cleanup of Temporary Directories.
[[0;32m  OK  [0m] Reached target Timers.
[[0;32m  OK  [0m] Reached target Network is Online.
         Starting iSCSI initiator daemon (iscsid)...
[[0;32m  OK  [0m] Reached target Cloud-config availability.
[[0;32m  OK  [0m] Listening on LXD - unix socket.
[[0;32m  OK  [0m] Listening on Socket activation for snappy daemon.
[[0;32m  OK  [0m] Reached target Sockets.
[[0;32m  OK  [0m] Reached target Basic System.
[[0;32m  OK  [0m] Started Regular background program processing daemon.
         Starting System Logging Service...
         Starting /etc/rc.local Compatibility...
[[0;32m  OK  [0m] Started ACPI event daemon.
         Starting Accounts Service...
[[0;32m  OK  [0m] Started Snappy daemon.
         Starting Auto import assertions from block devices...
         Starting LSB: MD monitoring daemon...
         Starting Apply the settings specified in cloud-config...
         Starting LXD - container startup/shutdown...
         Starting OpenBSD Secure Shell server...
         Starting Login Service...
[[0;32m  OK  [0m] Started Deferred execution scheduler.
[[0;32m  OK  [0m] Started D-Bus System Message Bus.
         Starting LSB: Record successful boot for GRUB...
[[0;32m  OK  [0m] Started Unattended Upgrades Shutdown.
[[0;32m  OK  [0m] Started FUSE filesystem for LXC.
[[0;32m  OK  [0m] Started System Logging Service.
[[0;32m  OK  [0m] Started OpenBSD Secure Shell server.
[[0;32m  OK  [0m] Started iSCSI initiator daemon (iscsid).
[[0;32m  OK  [0m] Started /etc/rc.local Compatibility.
[[0;32m  OK  [0m] Started Auto import assertions from block devices.
[[0;32m  OK  [0m] Started LXD - container startup/shutdown.
[[0;32m  OK  [0m] Started LSB: MD monitoring daemon.
[[0;32m  OK  [0m] Started Login Service.
[[0;32m  OK  [0m] Started LSB: Record successful boot for GRUB.
         Starting Authenticate and Authorize Users to Run Privileged Tasks...
         Starting Login to default iSCSI targets...
[[0;32m  OK  [0m] Started Authenticate and Authorize Users to Run Privileged Tasks.
[[0;32m  OK  [0m] Started Accounts Service.
[[0;32m  OK  [0m] Started Login to default iSCSI targets.
[[0;32m  OK  [0m] Reached target Remote File Systems (Pre).
[[0;32m  OK  [0m] Reached target Remote File Systems.
         Starting Permit User Sessions...
[   23.337033] cloud-init[1053]: Cloud-init v. 0.7.9 running 'modules:config' at Tue, 12 Sep 2017 15:08:25 +0000. Up 23.18 seconds.
         Starting LSB: Set the CPU Frequency Scaling governor to "ondemand"...
         Starting LSB: VirtualBox Linux Additions...
         Starting LSB: automatic crash report generation...
         Starting LSB: daemon to balance interrupts for SMP systems...
[[0;32m  OK  [0m] Started Apply the settings specified in cloud-config.
[[0;32m  OK  [0m] Started Permit User Sessions.
[[0;32m  OK  [0m] Started LSB: Set the CPU Frequency Scaling governor to "ondemand".
[[0;32m  OK  [0m] Created slice User Slice of ubuntu.
         Starting User Manager for UID 1000...
[[0;32m  OK  [0m] Started Session 1 of user ubuntu.
         Starting Terminate Plymouth Boot Screen...
         Starting Hold until boot process finishes up...
[[0;32m  OK  [0m] Started User Manager for UID 1000.
[[0;32m  OK  [0m] Started LSB: VirtualBox Linux Additions.
[[0;32m  OK  [0m] Started LSB: automatic crash report generation.
[[0;32m  OK  [0m] Started Terminate Plymouth Boot Screen.
[[0;32m  OK  [0m] Started Hold until boot process finishes up.
[[0;32m  OK  [0m] Started LSB: daemon to balance interrupts for SMP systems.
         Starting Set console scheme...
[[0;32m  OK  [0m] Started Serial Getty on ttyS0.
[[0;32m  OK  [0m] Started Getty on tty1.
[[0;32m  OK  [0m] Reached target Login Prompts.
[[0;32m  OK  [0m] Reached target Multi-User System.
[[0;32m  OK  [0m] Reached target Graphical Interface.
         Starting Update UTMP about System Runlevel Changes...
         Starting Execute cloud user/final scripts...
[[0;32m  OK  [0m] Started Set console scheme.
[[0;32m  OK  [0m] Started Update UTMP about System Runlevel Changes.
[   25.052233] cloud-init[1208]: Cloud-init v. 0.7.9 running 'modules:final' at Tue, 12 Sep 2017 15:08:26 +0000. Up 24.88 seconds.
[   25.071686] cloud-init[1208]: Cloud-init v. 0.7.9 finished at Tue, 12 Sep 2017 15:08:27 +0000. Datasource DataSourceNoCloud [seed=/dev/sdb][dsmode=net].  Up 25.03 seconds
[[0;32m  OK  [0m] Started Execute cloud user/final scripts.
[[0;32m  OK  [0m] Reached target Cloud-init target.

Ubuntu 16.04.2 LTS ubuntu-xenial ttyS0

ubuntu-xenial login: 